Using pre-set license
Built from '2020.3/staging' branch; Version is '2020.3.9f1 (108be757e447) revision 1084391'; Using compiler version '192528614'; Build Type 'Release'
OS: 'Windows 10 Home; OS build 19042.1052; Version 2009; 64bit' Language: 'en' Physical Memory: 16232 MB
BatchMode: 1, IsHumanControllingUs: 0, StartBugReporterOnCrash: 0, Is64bit: 1, IsPro: 0

 COMMAND LINE ARGUMENTS:
C:\Program Files\Unity\Hub\Editor\2020.3.9f1\Editor\Unity.exe
-adb2
-batchMode
-noUpm
-name
AssetImportWorker0
-projectPath
C:/Users/adrgn/Google Drive/Programming/BomberHuman/Bomber Human
-logFile
Logs/AssetImportWorker0.log
-srvPort
50153
Successfully changed project path to: C:/Users/adrgn/Google Drive/Programming/BomberHuman/Bomber Human
C:/Users/adrgn/Google Drive/Programming/BomberHuman/Bomber Human
Using Asset Import Pipeline V2.
Refreshing native plugins compatible for Editor in 24.35 ms, found 0 plugins.
Preloading 0 native plugins for Editor in 0.00 ms.
Initialize engine version: 2020.3.9f1 (108be757e447)
[Subsystems] Discovering subsystems at path C:/Program Files/Unity/Hub/Editor/2020.3.9f1/Editor/Data/Resources/UnitySubsystems
[Subsystems] Discovering subsystems at path C:/Users/adrgn/Google Drive/Programming/BomberHuman/Bomber Human/Assets
GfxDevice: creating device client; threaded=0
Direct3D:
    Version:  Direct3D 11.0 [level 11.1]
    Renderer: NVIDIA GeForce GTX 1050 (ID=0x1c91)
    Vendor:   
    VRAM:     2996 MB
    Driver:   27.21.14.5167
Initialize mono
Mono path[0] = 'C:/Program Files/Unity/Hub/Editor/2020.3.9f1/Editor/Data/Managed'
Mono path[1] = 'C:/Program Files/Unity/Hub/Editor/2020.3.9f1/Editor/Data/MonoBleedingEdge/lib/mono/unityjit'
Mono config path = 'C:/Program Files/Unity/Hub/Editor/2020.3.9f1/Editor/Data/MonoBleedingEdge/etc'
Using monoOptions --debugger-agent=transport=dt_socket,embedding=1,server=y,suspend=n,address=127.0.0.1:56840
Begin MonoManager ReloadAssembly
Registering precompiled unity dll's ...
Register platform support module: C:/Program Files/Unity/Hub/Editor/2020.3.9f1/Editor/Data/PlaybackEngines/WebGLSupport/UnityEditor.WebGL.Extensions.dll
Register platform support module: C:/Program Files/Unity/Hub/Editor/2020.3.9f1/Editor/Data/PlaybackEngines/WindowsStandaloneSupport/UnityEditor.WindowsStandalone.Extensions.dll
Registered in 0.003029 seconds.
Native extension for WindowsStandalone target not found
Native extension for WebGL target not found
Refreshing native plugins compatible for Editor in 22.55 ms, found 0 plugins.
Preloading 0 native plugins for Editor in 0.00 ms.
Mono: successfully reloaded assembly
- Completed reload, in  1.072 seconds
Platform modules already initialized, skipping
Registering precompiled user dll's ...
Registered in 0.000814 seconds.
Begin MonoManager ReloadAssembly
Native extension for WindowsStandalone target not found
Native extension for WebGL target not found
Refreshing native plugins compatible for Editor in 0.20 ms, found 0 plugins.
Preloading 0 native plugins for Editor in 0.00 ms.
Mono: successfully reloaded assembly
- Completed reload, in  0.825 seconds
Platform modules already initialized, skipping
========================================================================
Worker process is ready to serve import requests
Launched and connected shader compiler UnityShaderCompiler.exe after 0.07 seconds
Refreshing native plugins compatible for Editor in 0.30 ms, found 0 plugins.
Preloading 0 native plugins for Editor in 0.00 ms.
Unloading 1137 Unused Serialized files (Serialized files now loaded: 0)
System memory in use before: 141.3 MB.
System memory in use after: 141.4 MB.

Unloading 9 unused Assets to reduce memory usage. Loaded Objects now: 1609.
Total: 2.012100 ms (FindLiveObjects: 0.127700 ms CreateObjectMapping: 0.039100 ms MarkObjects: 1.764700 ms  DeleteObjects: 0.079500 ms)

========================================================================
Received Import Request.
  path: Assets/_Variables/EnemyManager.asset
  artifactKey: Guid(45ecdbc7bdea378439b0288da31d83a5) Importer(815301076,1909f56bfc062723c751e8b465ee728b)
Start importing Assets/_Variables/EnemyManager.asset using Guid(45ecdbc7bdea378439b0288da31d83a5) Importer(815301076,1909f56bfc062723c751e8b465ee728b)  -> (artifact id: '857caefdc731e6cf29b7e2c8607b7f62') in 0.039501 seconds
  Import took 0.041968 seconds .

========================================================================
Received Import Request.
  Time since last request: 6.589943 seconds.
  path: Assets/_Scenes/SingleplayerScene.unity
  artifactKey: Guid(d4760e011db102a48933382cb8dbdd41) Importer(815301076,1909f56bfc062723c751e8b465ee728b)
Start importing Assets/_Scenes/SingleplayerScene.unity using Guid(d4760e011db102a48933382cb8dbdd41) Importer(815301076,1909f56bfc062723c751e8b465ee728b)  -> (artifact id: 'd6593b42fa03c039b149baaf7959f204') in 0.006419 seconds
  Import took 0.008894 seconds .

========================================================================
Received Import Request.
  Time since last request: 2.180446 seconds.
  path: Assets/_Scenes/MultiplayerScene (1)
  artifactKey: Guid(41c777f3e632490479ffefcd2f1ba2b1) Importer(815301076,1909f56bfc062723c751e8b465ee728b)
Start importing Assets/_Scenes/MultiplayerScene (1) using Guid(41c777f3e632490479ffefcd2f1ba2b1) Importer(815301076,1909f56bfc062723c751e8b465ee728b)  -> (artifact id: 'ea5a83981e52748e2a4fda19243b2462') in 0.005009 seconds
  Import took 0.007256 seconds .

========================================================================
Received Import Request.
  Time since last request: 3.002041 seconds.
  path: Assets/_Scenes/MultiplayerScene.unity
  artifactKey: Guid(cd100f3f316d82249a3d4599437bd1f1) Importer(815301076,1909f56bfc062723c751e8b465ee728b)
Start importing Assets/_Scenes/MultiplayerScene.unity using Guid(cd100f3f316d82249a3d4599437bd1f1) Importer(815301076,1909f56bfc062723c751e8b465ee728b)  -> (artifact id: '0da9d130841bfdf55a9244be0380fa50') in 0.005742 seconds
  Import took 0.008036 seconds .

========================================================================
Received Import Request.
  Time since last request: 105.705983 seconds.
  path: Assets/_Variables/EscalationTier.asset
  artifactKey: Guid(3a0d043f9608f2348b4b95ba08ce097e) Importer(815301076,1909f56bfc062723c751e8b465ee728b)
Start importing Assets/_Variables/EscalationTier.asset using Guid(3a0d043f9608f2348b4b95ba08ce097e) Importer(815301076,1909f56bfc062723c751e8b465ee728b)  -> (artifact id: '7403c3eb715a729a4550c74d65945ce7') in 0.006053 seconds
  Import took 0.009050 seconds .

========================================================================
Received Import Request.
  Time since last request: 0.004254 seconds.
  path: Assets/_Variables/EscalationTier.asset
  artifactKey: Guid(3a0d043f9608f2348b4b95ba08ce097e) Importer(815301076,1909f56bfc062723c751e8b465ee728b)
Start importing Assets/_Variables/EscalationTier.asset using Guid(3a0d043f9608f2348b4b95ba08ce097e) Importer(815301076,1909f56bfc062723c751e8b465ee728b)  -> (artifact id: '7403c3eb715a729a4550c74d65945ce7') in 0.005130 seconds
  Import took 0.007537 seconds .

========================================================================
Received Import Request.
  Time since last request: 32.966073 seconds.
  path: Assets/_Scripts/Enemy.cs
  artifactKey: Guid(ecc85c487f524d540891409f99f4a5aa) Importer(815301076,1909f56bfc062723c751e8b465ee728b)
Start importing Assets/_Scripts/Enemy.cs using Guid(ecc85c487f524d540891409f99f4a5aa) Importer(815301076,1909f56bfc062723c751e8b465ee728b)  -> (artifact id: '0c6e1498d213b9b55feeeac353c64009') in 0.023824 seconds
  Import took 0.026738 seconds .

========================================================================
Received Import Request.
  Time since last request: 0.027391 seconds.
  path: Assets/_Scripts/Enemy.cs
  artifactKey: Guid(ecc85c487f524d540891409f99f4a5aa) Importer(815301076,1909f56bfc062723c751e8b465ee728b)
Start importing Assets/_Scripts/Enemy.cs using Guid(ecc85c487f524d540891409f99f4a5aa) Importer(815301076,1909f56bfc062723c751e8b465ee728b)  -> (artifact id: '0c6e1498d213b9b55feeeac353c64009') in 0.006319 seconds
  Import took 0.009483 seconds .

========================================================================
Received Prepare
Registering precompiled user dll's ...
Registered in 0.001315 seconds.
Begin MonoManager ReloadAssembly
Native extension for WindowsStandalone target not found
Native extension for WebGL target not found
Refreshing native plugins compatible for Editor in 30.15 ms, found 0 plugins.
Preloading 0 native plugins for Editor in 0.00 ms.
Mono: successfully reloaded assembly
- Completed reload, in  1.090 seconds
Platform modules already initialized, skipping
Refreshing native plugins compatible for Editor in 0.25 ms, found 0 plugins.
Preloading 0 native plugins for Editor in 0.00 ms.
Unloading 1239 Unused Serialized files (Serialized files now loaded: 0)
System memory in use before: 144.7 MB.
System memory in use after: 144.8 MB.

Unloading 4 unused Assets to reduce memory usage. Loaded Objects now: 1720.
Total: 1.451500 ms (FindLiveObjects: 0.153400 ms CreateObjectMapping: 0.042000 ms MarkObjects: 1.242300 ms  DeleteObjects: 0.012800 ms)

========================================================================
Received Prepare
Registering precompiled user dll's ...
Registered in 0.000902 seconds.
Begin MonoManager ReloadAssembly
Native extension for WindowsStandalone target not found
Native extension for WebGL target not found
Refreshing native plugins compatible for Editor in 0.31 ms, found 0 plugins.
Preloading 0 native plugins for Editor in 0.00 ms.
Mono: successfully reloaded assembly
- Completed reload, in  0.785 seconds
Platform modules already initialized, skipping
Refreshing native plugins compatible for Editor in 0.27 ms, found 0 plugins.
Preloading 0 native plugins for Editor in 0.00 ms.
Unloading 1239 Unused Serialized files (Serialized files now loaded: 0)
System memory in use before: 144.8 MB.
System memory in use after: 144.9 MB.

Unloading 4 unused Assets to reduce memory usage. Loaded Objects now: 1723.
Total: 2.782100 ms (FindLiveObjects: 0.280700 ms CreateObjectMapping: 0.075900 ms MarkObjects: 2.404000 ms  DeleteObjects: 0.019300 ms)

========================================================================
Received Import Request.
  Time since last request: 308.389525 seconds.
  path: Assets/_Scenes/SingleplayerScene.unity
  artifactKey: Guid(d4760e011db102a48933382cb8dbdd41) Importer(815301076,1909f56bfc062723c751e8b465ee728b)
Start importing Assets/_Scenes/SingleplayerScene.unity using Guid(d4760e011db102a48933382cb8dbdd41) Importer(815301076,1909f56bfc062723c751e8b465ee728b)  -> (artifact id: '032fbf7c332e7253bbe02ff7ad7ba5f7') in 0.019847 seconds
  Import took 0.022219 seconds .

========================================================================
Received Import Request.
  Time since last request: 0.000982 seconds.
  path: Assets/_Scenes/SingleplayerScene.unity
  artifactKey: Guid(d4760e011db102a48933382cb8dbdd41) Importer(815301076,1909f56bfc062723c751e8b465ee728b)
Start importing Assets/_Scenes/SingleplayerScene.unity using Guid(d4760e011db102a48933382cb8dbdd41) Importer(815301076,1909f56bfc062723c751e8b465ee728b)  -> (artifact id: '032fbf7c332e7253bbe02ff7ad7ba5f7') in 0.005067 seconds
  Import took 0.007132 seconds .

========================================================================
Received Import Request.
  Time since last request: 4.638581 seconds.
  path: Assets/_Scenes/MultiplayerScene.unity
  artifactKey: Guid(cd100f3f316d82249a3d4599437bd1f1) Importer(815301076,1909f56bfc062723c751e8b465ee728b)
Start importing Assets/_Scenes/MultiplayerScene.unity using Guid(cd100f3f316d82249a3d4599437bd1f1) Importer(815301076,1909f56bfc062723c751e8b465ee728b)  -> (artifact id: '19ede8cd4814e09bbb05d6a48d65115a') in 0.005009 seconds
  Import took 0.007583 seconds .

========================================================================
Received Prepare
Registering precompiled user dll's ...
Registered in 0.000855 seconds.
Begin MonoManager ReloadAssembly
Native extension for WindowsStandalone target not found
Native extension for WebGL target not found
Refreshing native plugins compatible for Editor in 0.25 ms, found 0 plugins.
Preloading 0 native plugins for Editor in 0.00 ms.
Mono: successfully reloaded assembly
- Completed reload, in  0.901 seconds
Platform modules already initialized, skipping
Refreshing native plugins compatible for Editor in 0.26 ms, found 0 plugins.
Preloading 0 native plugins for Editor in 0.00 ms.
Unloading 1239 Unused Serialized files (Serialized files now loaded: 0)
System memory in use before: 144.8 MB.
System memory in use after: 144.9 MB.

Unloading 4 unused Assets to reduce memory usage. Loaded Objects now: 1726.
Total: 1.415200 ms (FindLiveObjects: 0.130500 ms CreateObjectMapping: 0.036200 ms MarkObjects: 1.234600 ms  DeleteObjects: 0.012800 ms)

========================================================================
Received Prepare
Registering precompiled user dll's ...
Registered in 0.000830 seconds.
Begin MonoManager ReloadAssembly
Native extension for WindowsStandalone target not found
Native extension for WebGL target not found
Refreshing native plugins compatible for Editor in 0.56 ms, found 0 plugins.
Preloading 0 native plugins for Editor in 0.00 ms.
Mono: successfully reloaded assembly
- Completed reload, in  0.832 seconds
Platform modules already initialized, skipping
Refreshing native plugins compatible for Editor in 0.23 ms, found 0 plugins.
Preloading 0 native plugins for Editor in 0.00 ms.
Unloading 1239 Unused Serialized files (Serialized files now loaded: 0)
System memory in use before: 144.8 MB.
System memory in use after: 144.9 MB.

Unloading 4 unused Assets to reduce memory usage. Loaded Objects now: 1729.
Total: 2.611400 ms (FindLiveObjects: 0.127300 ms CreateObjectMapping: 0.037000 ms MarkObjects: 2.423300 ms  DeleteObjects: 0.022300 ms)

========================================================================
Received Prepare
Registering precompiled user dll's ...
Registered in 0.000810 seconds.
Begin MonoManager ReloadAssembly
Native extension for WindowsStandalone target not found
Native extension for WebGL target not found
Refreshing native plugins compatible for Editor in 0.37 ms, found 0 plugins.
Preloading 0 native plugins for Editor in 0.00 ms.
Mono: successfully reloaded assembly
- Completed reload, in  0.916 seconds
Platform modules already initialized, skipping
Refreshing native plugins compatible for Editor in 0.35 ms, found 0 plugins.
Preloading 0 native plugins for Editor in 0.00 ms.
Unloading 1239 Unused Serialized files (Serialized files now loaded: 0)
System memory in use before: 144.8 MB.
System memory in use after: 144.9 MB.

Unloading 4 unused Assets to reduce memory usage. Loaded Objects now: 1732.
Total: 26.054300 ms (FindLiveObjects: 1.975600 ms CreateObjectMapping: 0.135200 ms MarkObjects: 23.921000 ms  DeleteObjects: 0.020200 ms)

========================================================================
Received Prepare
Refreshing native plugins compatible for Editor in 0.90 ms, found 0 plugins.
Preloading 0 native plugins for Editor in 0.00 ms.
Unloading 2 Unused Serialized files (Serialized files now loaded: 0)
System memory in use before: 120.3 MB.
System memory in use after: 120.4 MB.

Unloading 2 unused Assets to reduce memory usage. Loaded Objects now: 1732.
Total: 2.561400 ms (FindLiveObjects: 0.245200 ms CreateObjectMapping: 0.069100 ms MarkObjects: 2.230400 ms  DeleteObjects: 0.015400 ms)

AssetImportWorkerClient::OnTransportError - code=2 error=End of file
